<?xml version="1.0"?>
<smooks-resource-list xmlns="http://www.milyn.org/xsd/smooks-1.0.xsd">

    <resource-config selector="a">
        <resource>org.smooks.delivery.SAXAndDOMVisitor</resource>
        <condition evaluator="org.smooks.delivery.condition.TestExecutionContextExpressionEvaluator">false</condition>
    </resource-config>

</smooks-resource-list>