<?xml version="1.0"?>
<smooks-resource-list xmlns="http://www.milyn.org/xsd/smooks-1.1.xsd" default-selector-namespace="http://www.milyn.org/xsd/smooks/test-xsd-01.xsd">

    <resource-config selector="renameElement">
        <resource>org.smooks.cdr.extension.NewResourceConfig</resource>
        <param name="resource">org.smooks.RenameElementTrans</param>
    </resource-config>

    <resource-config selector="renameElement">
        <resource>org.smooks.cdr.extension.MapToResourceConfigFromAttribute</resource>
        <param name="attribute">name</param>
        <param name="mapTo">selector</param>
    </resource-config>

    <resource-config selector="renameElement">
        <resource>org.smooks.cdr.extension.MapToResourceConfigFromAttribute</resource>
        <param name="attribute">newName</param>
        <param name="mapTo">new-name</param>
    </resource-config>

    <resource-config selector="renameElement/conditionRef">
        <resource>org.smooks.cdr.extension.MapToResourceConfigFromText</resource>
        <param name="mapTo">conditionRef</param>
    </resource-config>

</smooks-resource-list>