<root>
    <a/>
    <b>
        <c>
            <d/>
        </c>
    </b>
    <e/>
    <f>
        <g>
            <h/>
            <i/>
        </g>
    </f>
    <j/>
</root>