<?xml version='1.0'?>
<xx xmlns:y="http://y" y:a="aVal" b="bVal" />