<?xml version="1.0" encoding="UTF-8"?>
<smooks-resource-list 
	xmlns="http://www.milyn.org/xsd/smooks-1.1.xsd"
	xmlns:csv="http://www.milyn.org/xsd/smooks/csv-1.6.xsd">
	
	<csv:reader fields="name,email" />
	
</smooks-resource-list>
