<root>
    <a/><b/><c/><c/><d/>
</root>